mode: count
github.com/LNMMusic/gocli/command.go:20.81,23.24 2 4
github.com/LNMMusic/gocli/command.go:23.24,24.30 1 4
github.com/LNMMusic/gocli/command.go:24.30,27.9 3 2
github.com/LNMMusic/gocli/command.go:30.2,30.13 1 4
github.com/LNMMusic/gocli/command.go:30.13,33.3 2 2
github.com/LNMMusic/gocli/command.go:35.2,35.8 1 2
github.com/LNMMusic/gocli/commander_manager.go:19.114,22.16 2 3
github.com/LNMMusic/gocli/commander_manager.go:22.16,24.3 1 1
github.com/LNMMusic/gocli/commander_manager.go:27.2,28.16 2 2
github.com/LNMMusic/gocli/commander_manager.go:28.16,30.3 1 1
github.com/LNMMusic/gocli/commander_manager.go:32.2,32.8 1 1
github.com/LNMMusic/gocli/commander_manager.go:36.105,39.15 2 7
github.com/LNMMusic/gocli/commander_manager.go:39.15,42.3 2 3
github.com/LNMMusic/gocli/commander_manager.go:45.2,46.24 2 4
github.com/LNMMusic/gocli/commander_manager.go:46.24,51.22 2 6
github.com/LNMMusic/gocli/commander_manager.go:51.22,52.38 1 6
github.com/LNMMusic/gocli/commander_manager.go:52.38,57.20 2 4
github.com/LNMMusic/gocli/commander_manager.go:57.20,59.11 2 2
github.com/LNMMusic/gocli/commander_manager.go:63.5,64.13 2 2
github.com/LNMMusic/gocli/commander_manager.go:69.3,69.14 1 6
github.com/LNMMusic/gocli/commander_manager.go:69.14,73.4 3 2
github.com/LNMMusic/gocli/commander_manager.go:76.2,76.8 1 2
github.com/LNMMusic/gocli/commander_manager.go:80.64,83.2 2 1
github.com/LNMMusic/gocli/commander_manager.go:86.75,96.2 4 1
github.com/LNMMusic/gocli/commander_mock.go:6.44,9.2 2 3
github.com/LNMMusic/gocli/commander_mock.go:17.111,25.2 4 3
github.com/LNMMusic/gocli/commander_mock.go:28.65,35.2 3 0
github.com/LNMMusic/gocli/commander_mock.go:38.79,45.2 3 0
github.com/LNMMusic/gocli/gocli.go:9.44,15.2 2 4
github.com/LNMMusic/gocli/gocli.go:28.32,35.16 3 4
github.com/LNMMusic/gocli/gocli.go:35.16,37.3 1 1
github.com/LNMMusic/gocli/gocli.go:40.2,41.16 2 3
github.com/LNMMusic/gocli/gocli.go:41.16,43.3 1 1
github.com/LNMMusic/gocli/gocli.go:46.2,47.16 2 2
github.com/LNMMusic/gocli/gocli.go:47.16,49.3 1 1
github.com/LNMMusic/gocli/gocli.go:51.2,51.8 1 1
github.com/LNMMusic/gocli/parser_default.go:25.84,34.18 2 18
github.com/LNMMusic/gocli/parser_default.go:34.18,36.30 2 0
github.com/LNMMusic/gocli/parser_default.go:36.30,38.4 1 0
github.com/LNMMusic/gocli/parser_default.go:39.3,39.32 1 0
github.com/LNMMusic/gocli/parser_default.go:39.32,41.4 1 0
github.com/LNMMusic/gocli/parser_default.go:42.3,42.31 1 0
github.com/LNMMusic/gocli/parser_default.go:42.31,44.4 1 0
github.com/LNMMusic/gocli/parser_default.go:45.3,45.33 1 0
github.com/LNMMusic/gocli/parser_default.go:45.33,47.4 1 0
github.com/LNMMusic/gocli/parser_default.go:48.3,48.27 1 0
github.com/LNMMusic/gocli/parser_default.go:48.27,50.4 1 0
github.com/LNMMusic/gocli/parser_default.go:53.2,60.8 2 18
github.com/LNMMusic/gocli/parser_default.go:83.65,85.37 1 6
github.com/LNMMusic/gocli/parser_default.go:85.37,88.3 2 3
github.com/LNMMusic/gocli/parser_default.go:91.2,103.8 5 3
github.com/LNMMusic/gocli/parser_default.go:107.80,110.41 1 7
github.com/LNMMusic/gocli/parser_default.go:110.41,113.3 2 2
github.com/LNMMusic/gocli/parser_default.go:114.2,133.8 7 5
github.com/LNMMusic/gocli/parser_default.go:137.68,139.38 1 7
github.com/LNMMusic/gocli/parser_default.go:139.38,141.3 1 2
github.com/LNMMusic/gocli/parser_default.go:142.2,156.29 7 5
github.com/LNMMusic/gocli/parser_default.go:156.29,163.3 3 8
github.com/LNMMusic/gocli/parser_default.go:165.2,165.8 1 5
github.com/LNMMusic/gocli/parser_default.go:169.70,171.40 1 7
github.com/LNMMusic/gocli/parser_default.go:171.40,173.3 1 2
github.com/LNMMusic/gocli/parser_default.go:174.2,187.28 7 5
github.com/LNMMusic/gocli/parser_default.go:187.28,192.3 2 8
github.com/LNMMusic/gocli/parser_default.go:194.2,194.8 1 5
github.com/LNMMusic/gocli/parser_mock.go:6.38,9.2 2 4
github.com/LNMMusic/gocli/parser_mock.go:17.62,25.2 4 4
